<?xml version="1.0" encoding="UTF-8"?>
<!-- Generated by org.testng.reporters.JUnitXMLReporter -->
<testsuite ignored="0" hostname="DESKTOP-VEGGGMP" failures="0" tests="6" name="Manage News" time="51.086" errors="0" timestamp="2025-11-07T19:11:07 GST">
  <testcase classname="testScript.LoginTest" name="verifyTheUserIsAbleToLoginUsingValidCredentials" time="3.673"/>
  <testcase classname="testScript.LoginTest" name="verifyTheUserIsUnableToLoginwithInvalidUsernameandValidPassword" time="1.687"/>
  <testcase classname="testScript.LoginTest" name="verifyTheUserIsUnableToLoginwithValidUsernameandInvalidPassword" time="0.959"/>
  <testcase classname="testScript.LoginTest" name="verifyTheUserIsUnableToLoginwithInValidUsernameandInvalidPassword" time="0.982"/>
  <testcase classname="testScript.ManageNewsTest" name="VerifyTheUserIsAbleToPublishNews" time="5.165"/>
  <testcase classname="testScript.AdminUsersTest" name="VerifyTheUserIsAbleToAddAdminUsers" time="6.803"/>
</testsuite> <!-- Manage News -->
