<!DOCTYPE html>

<html>
  <head>
  <meta charset='utf-8'>
  <title>TestNG reports</title>

    <link type="text/css" href="testng-reports1.css" rel="stylesheet" id="ultra" />
    <link type="text/css" href="testng-reports.css" rel="stylesheet" id="retro" disabled="false"/>
    <script type="text/javascript" src="jquery-3.6.0.min.js"></script>
    <script type="text/javascript" src="testng-reports.js"></script>
    <script type="text/javascript" src="https://www.google.com/jsapi"></script>
    <script type='text/javascript'>
      google.load('visualization', '1', {packages:['table']});
      google.setOnLoadCallback(drawTable);
      var suiteTableInitFunctions = new Array();
      var suiteTableData = new Array();
    </script>
    <!--
      <script type="text/javascript" src="jquery-ui/js/jquery-ui-1.8.16.custom.min.js"></script>
     -->
  </head>

  <body>    <div class="top-banner-root">
      <span class="top-banner-title-font">Test results</span>
      <button id="button" class="button">Switch Retro Theme</button> <!-- button -->
      <br/>
      <span class="top-banner-font-1">1 suite, 3 failed tests</span>
    </div> <!-- top-banner-root -->
    <div class="navigator-root">
      <div class="navigator-suite-header">
        <span>All suites</span>
        <a href="#" title="Collapse/expand all the suites" class="collapse-all-link">
          <img src="collapseall.gif" class="collapse-all-icon">
          </img> <!-- collapse-all-icon -->
        </a> <!-- collapse-all-link -->
      </div> <!-- navigator-suite-header -->
      <div class="suite">
        <div class="rounded-window">
          <div class="suite-header light-rounded-window-top">
            <a href="#" panel-name="suite-Grocery_Application" class="navigator-link">
              <span class="suite-name border-failed">Grocery Application</span>
            </a> <!-- navigator-link -->
          </div> <!-- suite-header light-rounded-window-top -->
          <div class="navigator-suite-content">
            <div class="suite-section-title">
              <span>Info</span>
            </div> <!-- suite-section-title -->
            <div class="suite-section-content">
              <ul>
                <li>
                  <a href="#" panel-name="test-xml-Grocery_Application" class="navigator-link ">
                    <span>C:\Users\shelj\git\GroceryApplication\GroceryApplications\testng.xml</span>
                  </a> <!-- navigator-link  -->
                </li>
                <li>
                  <a href="#" panel-name="testlist-Grocery_Application" class="navigator-link ">
                    <span class="test-stats">1 test</span>
                  </a> <!-- navigator-link  -->
                </li>
                <li>
                  <a href="#" panel-name="group-Grocery_Application" class="navigator-link ">
                    <span>1 group</span>
                  </a> <!-- navigator-link  -->
                </li>
                <li>
                  <a href="#" panel-name="times-Grocery_Application" class="navigator-link ">
                    <span>Times</span>
                  </a> <!-- navigator-link  -->
                </li>
                <li>
                  <a href="#" panel-name="reporter-Grocery_Application" class="navigator-link ">
                    <span>Reporter output</span>
                  </a> <!-- navigator-link  -->
                </li>
                <li>
                  <a href="#" panel-name="ignored-methods-Grocery_Application" class="navigator-link ">
                    <span>Ignored methods</span>
                  </a> <!-- navigator-link  -->
                </li>
                <li>
                  <a href="#" panel-name="chronological-Grocery_Application" class="navigator-link ">
                    <span>Chronological view</span>
                  </a> <!-- navigator-link  -->
                </li>
              </ul>
            </div> <!-- suite-section-content -->
            <div class="result-section">
              <div class="suite-section-title">
                <span>Results</span>
              </div> <!-- suite-section-title -->
              <div class="suite-section-content">
                <ul>
                  <li>
                    <span class="method-stats">7 methods, 3 failed,   4 passed</span>
                  </li>
                  <li>
                    <span class="method-list-title failed">Failed methods</span>
                    <span class="show-or-hide-methods failed">
                      <a href="#" panel-name="suite-Grocery_Application" class="hide-methods failed suite-Grocery_Application"> (hide)</a> <!-- hide-methods failed suite-Grocery_Application -->
                      <a href="#" panel-name="suite-Grocery_Application" class="show-methods failed suite-Grocery_Application"> (show)</a> <!-- show-methods failed suite-Grocery_Application -->
                    </span>
                    <div class="method-list-content failed suite-Grocery_Application">
                      <span>
                        <img src="failed.png" width="3%"/>
                        <a href="#" panel-name="suite-Grocery_Application" title="testScript.AdminUsersTest" class="method navigator-link" hash-for-method="VerifyTheUserIsAbleToAddAdminUsers">VerifyTheUserIsAbleToAddAdminUsers</a> <!-- method navigator-link -->
                      </span>
                      <br/>
                      <span>
                        <img src="failed.png" width="3%"/>
                        <a href="#" panel-name="suite-Grocery_Application" title="testScript.ManageCategoryTest" class="method navigator-link" hash-for-method="VerifyTheUserIsAbleToAddCategory">VerifyTheUserIsAbleToAddCategory</a> <!-- method navigator-link -->
                      </span>
                      <br/>
                      <span>
                        <img src="failed.png" width="3%"/>
                        <a href="#" panel-name="suite-Grocery_Application" title="testScript.LoginTest" class="method navigator-link" hash-for-method="verifyTheUserIsAbleToLoginUsingValidCredentials">verifyTheUserIsAbleToLoginUsingValidCredentials</a> <!-- method navigator-link -->
                      </span>
                      <br/>
                    </div> <!-- method-list-content failed suite-Grocery_Application -->
                  </li>
                  <li>
                    <span class="method-list-title passed">Passed methods</span>
                    <span class="show-or-hide-methods passed">
                      <a href="#" panel-name="suite-Grocery_Application" class="hide-methods passed suite-Grocery_Application"> (hide)</a> <!-- hide-methods passed suite-Grocery_Application -->
                      <a href="#" panel-name="suite-Grocery_Application" class="show-methods passed suite-Grocery_Application"> (show)</a> <!-- show-methods passed suite-Grocery_Application -->
                    </span>
                    <div class="method-list-content passed suite-Grocery_Application">
                      <span>
                        <img src="passed.png" width="3%"/>
                        <a href="#" panel-name="suite-Grocery_Application" title="testScript.HomeTest" class="method navigator-link" hash-for-method="VerifyTheUserIsAbleToLogout">VerifyTheUserIsAbleToLogout</a> <!-- method navigator-link -->
                      </span>
                      <br/>
                      <span>
                        <img src="passed.png" width="3%"/>
                        <a href="#" panel-name="suite-Grocery_Application" title="testScript.ManageNewsTest" class="method navigator-link" hash-for-method="VerifyTheUserIsAbleToPublishNews">VerifyTheUserIsAbleToPublishNews</a> <!-- method navigator-link -->
                      </span>
                      <br/>
                      <span>
                        <img src="passed.png" width="3%"/>
                        <a href="#" panel-name="suite-Grocery_Application" title="testScript.ManageContactTest" class="method navigator-link" hash-for-method="VerifyTheUserIsAbleToUpdateContactDetails">VerifyTheUserIsAbleToUpdateContactDetails</a> <!-- method navigator-link -->
                      </span>
                      <br/>
                      <span>
                        <img src="passed.png" width="3%"/>
                        <a href="#" panel-name="suite-Grocery_Application" title="testScript.ManageFooterTextTest" class="method navigator-link" hash-for-method="VerifyTheUserIsAbleToUpdateFooterText">VerifyTheUserIsAbleToUpdateFooterText</a> <!-- method navigator-link -->
                      </span>
                      <br/>
                    </div> <!-- method-list-content passed suite-Grocery_Application -->
                  </li>
                </ul>
              </div> <!-- suite-section-content -->
            </div> <!-- result-section -->
          </div> <!-- navigator-suite-content -->
        </div> <!-- rounded-window -->
      </div> <!-- suite -->
    </div> <!-- navigator-root -->
    <div class="wrapper">
      <div class="main-panel-root">
        <div panel-name="suite-Grocery_Application" class="panel Grocery_Application">
          <div class="suite-Grocery_Application-class-failed">
            <div class="main-panel-header rounded-window-top">
              <img src="failed.png"/>
              <span class="class-name">testScript.LoginTest</span>
            </div> <!-- main-panel-header rounded-window-top -->
            <div class="main-panel-content rounded-window-bottom">
              <div class="method">
                <div class="method-content">
                  <a name="verifyTheUserIsAbleToLoginUsingValidCredentials">
                  </a> <!-- verifyTheUserIsAbleToLoginUsingValidCredentials -->
                  <span class="method-name">verifyTheUserIsAbleToLoginUsingValidCredentials</span>
                  <div class="stack-trace">org.openqa.selenium.NoSuchElementException: no such element: Unable to locate element: {&quot;method&quot;:&quot;xpath&quot;,&quot;selector&quot;:&quot;//button[text()=&apos;Sign In&apos;]&quot;}
  (Session info: chrome=142.0.7444.60)
For documentation on this error, please visit: https://www.selenium.dev/documentation/webdriver/troubleshooting/errors#no-such-element-exception
Build info: version: &apos;4.31.0&apos;, revision: &apos;1ef9f18787*&apos;
System info: os.name: &apos;Windows 11&apos;, os.arch: &apos;amd64&apos;, os.version: &apos;10.0&apos;, java.version: &apos;21.0.8&apos;
Driver info: org.openqa.selenium.chrome.ChromeDriver
Command: [2555715c62afff29abb764f06e28cc42, findElement {using=xpath, value=//button[text()=&apos;Sign In&apos;]}]
Capabilities {acceptInsecureCerts: false, browserName: chrome, browserVersion: 142.0.7444.60, chrome: {chromedriverVersion: 142.0.7444.61 (9884f628acbc..., userDataDir: C:\Users\shelj\AppData\Loca...}, fedcm:accounts: true, goog:chromeOptions: {debuggerAddress: localhost:49835}, goog:processID: 9340, networkConnectionEnabled: false, pageLoadStrategy: normal, platformName: windows, proxy: Proxy(), se:cdp: ws://localhost:49835/devtoo..., se:cdpVersion: 142.0.7444.60, setWindowRect: true, strictFileInteractability: false, timeouts: {implicit: 0, pageLoad: 300000, script: 30000}, unhandledPromptBehavior: dismiss and notify, webauthn:extension:credBlob: true, webauthn:extension:largeBlob: true, webauthn:extension:minPinLength: true, webauthn:extension:prf: true, webauthn:virtualAuthenticators: true}
Session ID: 2555715c62afff29abb764f06e28cc42
	at org.openqa.selenium.remote.ErrorCodec.decode(ErrorCodec.java:167)
	at org.openqa.selenium.remote.codec.w3c.W3CHttpResponseCodec.decode(W3CHttpResponseCodec.java:138)
	at org.openqa.selenium.remote.codec.w3c.W3CHttpResponseCodec.decode(W3CHttpResponseCodec.java:50)
	at org.openqa.selenium.remote.HttpCommandExecutor.execute(HttpCommandExecutor.java:215)
	at org.openqa.selenium.remote.service.DriverCommandExecutor.invokeExecute(DriverCommandExecutor.java:216)
	at org.openqa.selenium.remote.service.DriverCommandExecutor.execute(DriverCommandExecutor.java:174)
	at org.openqa.selenium.remote.RemoteWebDriver.execute(RemoteWebDriver.java:545)
	at org.openqa.selenium.remote.ElementLocation$ElementFinder$2.findElement(ElementLocation.java:165)
	at org.openqa.selenium.remote.ElementLocation.findElement(ElementLocation.java:59)
	at org.openqa.selenium.remote.RemoteWebDriver.findElement(RemoteWebDriver.java:368)
	at org.openqa.selenium.remote.RemoteWebDriver.findElement(RemoteWebDriver.java:362)
	at org.openqa.selenium.support.pagefactory.DefaultElementLocator.findElement(DefaultElementLocator.java:68)
	at org.openqa.selenium.support.pagefactory.internal.LocatingElementHandler.invoke(LocatingElementHandler.java:38)
	at jdk.proxy2/jdk.proxy2.$Proxy15.click(Unknown Source)
	at pages.LoginPage.clickOnSignIn(LoginPage.java:39)
	at testScript.LoginTest.verifyTheUserIsAbleToLoginUsingValidCredentials(LoginTest.java:32)
	at java.base/java.util.ArrayList.forEach(ArrayList.java:1596)
... Removed 28 stack frames
</div> <!-- stack-trace -->
                  <em>
(Login to Grocery application with valid username and password)                  </em>
                </div> <!-- method-content -->
              </div> <!-- method -->
            </div> <!-- main-panel-content rounded-window-bottom -->
          </div> <!-- suite-Grocery_Application-class-failed -->
          <div class="suite-Grocery_Application-class-failed">
            <div class="main-panel-header rounded-window-top">
              <img src="failed.png"/>
              <span class="class-name">testScript.ManageCategoryTest</span>
            </div> <!-- main-panel-header rounded-window-top -->
            <div class="main-panel-content rounded-window-bottom">
              <div class="method">
                <div class="method-content">
                  <a name="VerifyTheUserIsAbleToAddCategory">
                  </a> <!-- VerifyTheUserIsAbleToAddCategory -->
                  <span class="method-name">VerifyTheUserIsAbleToAddCategory</span>
                  <div class="stack-trace">org.openqa.selenium.NoSuchElementException: no such element: Unable to locate element: {&quot;method&quot;:&quot;xpath&quot;,&quot;selector&quot;:&quot;//div[@class=&apos;alert alert-success alert-dismissible&apos;]//following::h5[text()=&apos; Alert!&apos;]&quot;}
  (Session info: chrome=142.0.7444.60)
For documentation on this error, please visit: https://www.selenium.dev/documentation/webdriver/troubleshooting/errors#no-such-element-exception
Build info: version: &apos;4.31.0&apos;, revision: &apos;1ef9f18787*&apos;
System info: os.name: &apos;Windows 11&apos;, os.arch: &apos;amd64&apos;, os.version: &apos;10.0&apos;, java.version: &apos;21.0.8&apos;
Driver info: org.openqa.selenium.chrome.ChromeDriver
Command: [3d91603f88876ebf2e3816bfbbc47dde, findElement {using=xpath, value=//div[@class=&apos;alert alert-success alert-dismissible&apos;]//following::h5[text()=&apos; Alert!&apos;]}]
Capabilities {acceptInsecureCerts: false, browserName: chrome, browserVersion: 142.0.7444.60, chrome: {chromedriverVersion: 142.0.7444.61 (9884f628acbc..., userDataDir: C:\Users\shelj\AppData\Loca...}, fedcm:accounts: true, goog:chromeOptions: {debuggerAddress: localhost:60458}, goog:processID: 25104, networkConnectionEnabled: false, pageLoadStrategy: normal, platformName: windows, proxy: Proxy(), se:cdp: ws://localhost:60458/devtoo..., se:cdpVersion: 142.0.7444.60, setWindowRect: true, strictFileInteractability: false, timeouts: {implicit: 0, pageLoad: 300000, script: 30000}, unhandledPromptBehavior: dismiss and notify, webauthn:extension:credBlob: true, webauthn:extension:largeBlob: true, webauthn:extension:minPinLength: true, webauthn:extension:prf: true, webauthn:virtualAuthenticators: true}
Session ID: 3d91603f88876ebf2e3816bfbbc47dde
	at org.openqa.selenium.remote.ErrorCodec.decode(ErrorCodec.java:167)
	at org.openqa.selenium.remote.codec.w3c.W3CHttpResponseCodec.decode(W3CHttpResponseCodec.java:138)
	at org.openqa.selenium.remote.codec.w3c.W3CHttpResponseCodec.decode(W3CHttpResponseCodec.java:50)
	at org.openqa.selenium.remote.HttpCommandExecutor.execute(HttpCommandExecutor.java:215)
	at org.openqa.selenium.remote.service.DriverCommandExecutor.invokeExecute(DriverCommandExecutor.java:216)
	at org.openqa.selenium.remote.service.DriverCommandExecutor.execute(DriverCommandExecutor.java:174)
	at org.openqa.selenium.remote.RemoteWebDriver.execute(RemoteWebDriver.java:545)
	at org.openqa.selenium.remote.ElementLocation$ElementFinder$2.findElement(ElementLocation.java:165)
	at org.openqa.selenium.remote.ElementLocation.findElement(ElementLocation.java:59)
	at org.openqa.selenium.remote.RemoteWebDriver.findElement(RemoteWebDriver.java:368)
	at org.openqa.selenium.remote.RemoteWebDriver.findElement(RemoteWebDriver.java:362)
	at org.openqa.selenium.support.pagefactory.DefaultElementLocator.findElement(DefaultElementLocator.java:68)
	at org.openqa.selenium.support.pagefactory.internal.LocatingElementHandler.invoke(LocatingElementHandler.java:38)
	at jdk.proxy2/jdk.proxy2.$Proxy15.isDisplayed(Unknown Source)
	at pages.ManageCategoryPage.isAlertDisplayed(ManageCategoryPage.java:108)
	at testScript.ManageCategoryTest.VerifyTheUserIsAbleToAddCategory(ManageCategoryTest.java:57)
	at java.base/java.util.ArrayList.forEach(ArrayList.java:1596)
... Removed 28 stack frames
</div> <!-- stack-trace -->
                  <em>
(To add New category)                  </em>
                </div> <!-- method-content -->
              </div> <!-- method -->
            </div> <!-- main-panel-content rounded-window-bottom -->
          </div> <!-- suite-Grocery_Application-class-failed -->
          <div class="suite-Grocery_Application-class-failed">
            <div class="main-panel-header rounded-window-top">
              <img src="failed.png"/>
              <span class="class-name">testScript.AdminUsersTest</span>
            </div> <!-- main-panel-header rounded-window-top -->
            <div class="main-panel-content rounded-window-bottom">
              <div class="method">
                <div class="method-content">
                  <a name="VerifyTheUserIsAbleToAddAdminUsers">
                  </a> <!-- VerifyTheUserIsAbleToAddAdminUsers -->
                  <span class="method-name">VerifyTheUserIsAbleToAddAdminUsers</span>
                  <div class="stack-trace">org.openqa.selenium.NoSuchElementException: no such element: Unable to locate element: {&quot;method&quot;:&quot;xpath&quot;,&quot;selector&quot;:&quot;//div[@class=&apos;alert alert-success alert-dismissible&apos;]&quot;}
  (Session info: chrome=142.0.7444.60)
For documentation on this error, please visit: https://www.selenium.dev/documentation/webdriver/troubleshooting/errors#no-such-element-exception
Build info: version: &apos;4.31.0&apos;, revision: &apos;1ef9f18787*&apos;
System info: os.name: &apos;Windows 11&apos;, os.arch: &apos;amd64&apos;, os.version: &apos;10.0&apos;, java.version: &apos;21.0.8&apos;
Driver info: org.openqa.selenium.chrome.ChromeDriver
Command: [0509199237c3c210f76e089fc2c1be49, findElement {using=xpath, value=//div[@class=&apos;alert alert-success alert-dismissible&apos;]}]
Capabilities {acceptInsecureCerts: false, browserName: chrome, browserVersion: 142.0.7444.60, chrome: {chromedriverVersion: 142.0.7444.61 (9884f628acbc..., userDataDir: C:\Users\shelj\AppData\Loca...}, fedcm:accounts: true, goog:chromeOptions: {debuggerAddress: localhost:64480}, goog:processID: 41420, networkConnectionEnabled: false, pageLoadStrategy: normal, platformName: windows, proxy: Proxy(), se:cdp: ws://localhost:64480/devtoo..., se:cdpVersion: 142.0.7444.60, setWindowRect: true, strictFileInteractability: false, timeouts: {implicit: 0, pageLoad: 300000, script: 30000}, unhandledPromptBehavior: dismiss and notify, webauthn:extension:credBlob: true, webauthn:extension:largeBlob: true, webauthn:extension:minPinLength: true, webauthn:extension:prf: true, webauthn:virtualAuthenticators: true}
Session ID: 0509199237c3c210f76e089fc2c1be49
	at org.openqa.selenium.remote.ErrorCodec.decode(ErrorCodec.java:167)
	at org.openqa.selenium.remote.codec.w3c.W3CHttpResponseCodec.decode(W3CHttpResponseCodec.java:138)
	at org.openqa.selenium.remote.codec.w3c.W3CHttpResponseCodec.decode(W3CHttpResponseCodec.java:50)
	at org.openqa.selenium.remote.HttpCommandExecutor.execute(HttpCommandExecutor.java:215)
	at org.openqa.selenium.remote.service.DriverCommandExecutor.invokeExecute(DriverCommandExecutor.java:216)
	at org.openqa.selenium.remote.service.DriverCommandExecutor.execute(DriverCommandExecutor.java:174)
	at org.openqa.selenium.remote.RemoteWebDriver.execute(RemoteWebDriver.java:545)
	at org.openqa.selenium.remote.ElementLocation$ElementFinder$2.findElement(ElementLocation.java:165)
	at org.openqa.selenium.remote.ElementLocation.findElement(ElementLocation.java:59)
	at org.openqa.selenium.remote.RemoteWebDriver.findElement(RemoteWebDriver.java:368)
	at org.openqa.selenium.remote.RemoteWebDriver.findElement(RemoteWebDriver.java:362)
	at org.openqa.selenium.support.pagefactory.DefaultElementLocator.findElement(DefaultElementLocator.java:68)
	at org.openqa.selenium.support.pagefactory.internal.LocatingElementHandler.invoke(LocatingElementHandler.java:38)
	at jdk.proxy2/jdk.proxy2.$Proxy15.isDisplayed(Unknown Source)
	at pages.AdminUsersPage.isAlertDisplayed(AdminUsersPage.java:79)
	at testScript.AdminUsersTest.VerifyTheUserIsAbleToAddAdminUsers(AdminUsersTest.java:56)
	at java.base/java.util.ArrayList.forEach(ArrayList.java:1596)
... Removed 28 stack frames
</div> <!-- stack-trace -->
                  <em>
(To add admin users with user type)                  </em>
                </div> <!-- method-content -->
              </div> <!-- method -->
            </div> <!-- main-panel-content rounded-window-bottom -->
          </div> <!-- suite-Grocery_Application-class-failed -->
          <div class="suite-Grocery_Application-class-passed">
            <div class="main-panel-header rounded-window-top">
              <img src="passed.png"/>
              <span class="class-name">testScript.HomeTest</span>
            </div> <!-- main-panel-header rounded-window-top -->
            <div class="main-panel-content rounded-window-bottom">
              <div class="method">
                <div class="method-content">
                  <a name="VerifyTheUserIsAbleToLogout">
                  </a> <!-- VerifyTheUserIsAbleToLogout -->
                  <span class="method-name">VerifyTheUserIsAbleToLogout</span>
                  <em>
( To logout from grocery application)                  </em>
                </div> <!-- method-content -->
              </div> <!-- method -->
            </div> <!-- main-panel-content rounded-window-bottom -->
          </div> <!-- suite-Grocery_Application-class-passed -->
          <div class="suite-Grocery_Application-class-passed">
            <div class="main-panel-header rounded-window-top">
              <img src="passed.png"/>
              <span class="class-name">testScript.ManageContactTest</span>
            </div> <!-- main-panel-header rounded-window-top -->
            <div class="main-panel-content rounded-window-bottom">
              <div class="method">
                <div class="method-content">
                  <a name="VerifyTheUserIsAbleToUpdateContactDetails">
                  </a> <!-- VerifyTheUserIsAbleToUpdateContactDetails -->
                  <span class="method-name">VerifyTheUserIsAbleToUpdateContactDetails</span>
                  <em>
( To update contact details)                  </em>
                </div> <!-- method-content -->
              </div> <!-- method -->
            </div> <!-- main-panel-content rounded-window-bottom -->
          </div> <!-- suite-Grocery_Application-class-passed -->
          <div class="suite-Grocery_Application-class-passed">
            <div class="main-panel-header rounded-window-top">
              <img src="passed.png"/>
              <span class="class-name">testScript.ManageFooterTextTest</span>
            </div> <!-- main-panel-header rounded-window-top -->
            <div class="main-panel-content rounded-window-bottom">
              <div class="method">
                <div class="method-content">
                  <a name="VerifyTheUserIsAbleToUpdateFooterText">
                  </a> <!-- VerifyTheUserIsAbleToUpdateFooterText -->
                  <span class="method-name">VerifyTheUserIsAbleToUpdateFooterText</span>
                  <em>
( To update footer text)                  </em>
                </div> <!-- method-content -->
              </div> <!-- method -->
            </div> <!-- main-panel-content rounded-window-bottom -->
          </div> <!-- suite-Grocery_Application-class-passed -->
          <div class="suite-Grocery_Application-class-passed">
            <div class="main-panel-header rounded-window-top">
              <img src="passed.png"/>
              <span class="class-name">testScript.ManageNewsTest</span>
            </div> <!-- main-panel-header rounded-window-top -->
            <div class="main-panel-content rounded-window-bottom">
              <div class="method">
                <div class="method-content">
                  <a name="VerifyTheUserIsAbleToPublishNews">
                  </a> <!-- VerifyTheUserIsAbleToPublishNews -->
                  <span class="method-name">VerifyTheUserIsAbleToPublishNews</span>
                  <em>
(To publish News)                  </em>
                </div> <!-- method-content -->
              </div> <!-- method -->
            </div> <!-- main-panel-content rounded-window-bottom -->
          </div> <!-- suite-Grocery_Application-class-passed -->
        </div> <!-- panel Grocery_Application -->
        <div panel-name="test-xml-Grocery_Application" class="panel">
          <div class="main-panel-header rounded-window-top">
            <span class="header-content">C:\Users\shelj\git\GroceryApplication\GroceryApplications\testng.xml</span>
          </div> <!-- main-panel-header rounded-window-top -->
          <div class="main-panel-content rounded-window-bottom">
            <pre>
&lt;?xml version=&quot;1.0&quot; encoding=&quot;UTF-8&quot;?&gt;
&lt;!DOCTYPE suite SYSTEM &quot;https://testng.org/testng-1.0.dtd&quot;&gt;
&lt;suite name=&quot;Grocery Application&quot; guice-stage=&quot;DEVELOPMENT&quot;&gt;
  &lt;parameter name=&quot;browser&quot; value=&quot;Chrome&quot;/&gt;
  &lt;listeners&gt;
    &lt;listener class-name=&quot;generateReport.Listeners&quot;/&gt;
  &lt;/listeners&gt;
  &lt;test thread-count=&quot;5&quot; name=&quot;Manage News&quot;&gt;
    &lt;classes&gt;
      &lt;class name=&quot;testScript.LoginTest&quot;&gt;
        &lt;methods&gt;
          &lt;include name=&quot;verifyTheUserIsAbleToLoginUsingValidCredentials&quot;/&gt;
        &lt;/methods&gt;
      &lt;/class&gt; &lt;!-- testScript.LoginTest --&gt;
      &lt;class name=&quot;testScript.ManageNewsTest&quot;/&gt;
      &lt;class name=&quot;testScript.AdminUsersTest&quot;/&gt;
      &lt;class name=&quot;testScript.ManageFooterTextTest&quot;/&gt;
      &lt;class name=&quot;testScript.ManageContactTest&quot;/&gt;
      &lt;class name=&quot;testScript.ManageCategoryTest&quot;/&gt;
      &lt;class name=&quot;testScript.HomeTest&quot;/&gt;
    &lt;/classes&gt;
  &lt;/test&gt; &lt;!-- Manage News --&gt;
&lt;/suite&gt; &lt;!-- Grocery Application --&gt;
            </pre>
          </div> <!-- main-panel-content rounded-window-bottom -->
        </div> <!-- panel -->
        <div panel-name="testlist-Grocery_Application" class="panel">
          <div class="main-panel-header rounded-window-top">
            <span class="header-content">Tests for Grocery Application</span>
          </div> <!-- main-panel-header rounded-window-top -->
          <div class="main-panel-content rounded-window-bottom">
            <ul>
              <li>
                <span class="test-name">Manage News (7 classes)</span>
              </li>
            </ul>
          </div> <!-- main-panel-content rounded-window-bottom -->
        </div> <!-- panel -->
        <div panel-name="group-Grocery_Application" class="panel">
          <div class="main-panel-header rounded-window-top">
            <span class="header-content">Groups for Grocery Application</span>
          </div> <!-- main-panel-header rounded-window-top -->
          <div class="main-panel-content rounded-window-bottom">
            <div class="test-group">
              <span class="test-group-name">Regression Testing</span>
              <br/>
              <div class="method-in-group">
                <span class="method-in-group-name">VerifyTheUserIsAbleToAddAdminUsers</span>
                <br/>
              </div> <!-- method-in-group -->
              <div class="method-in-group">
                <span class="method-in-group-name">VerifyTheUserIsAbleToAddCategory</span>
                <br/>
              </div> <!-- method-in-group -->
              <div class="method-in-group">
                <span class="method-in-group-name">VerifyTheUserIsAbleToLogout</span>
                <br/>
              </div> <!-- method-in-group -->
              <div class="method-in-group">
                <span class="method-in-group-name">VerifyTheUserIsAbleToPublishNews</span>
                <br/>
              </div> <!-- method-in-group -->
              <div class="method-in-group">
                <span class="method-in-group-name">VerifyTheUserIsAbleToUpdateContactDetails</span>
                <br/>
              </div> <!-- method-in-group -->
              <div class="method-in-group">
                <span class="method-in-group-name">VerifyTheUserIsAbleToUpdateFooterText</span>
                <br/>
              </div> <!-- method-in-group -->
              <div class="method-in-group">
                <span class="method-in-group-name">verifyTheUserIsAbleToLoginUsingValidCredentials</span>
                <br/>
              </div> <!-- method-in-group -->
            </div> <!-- test-group -->
          </div> <!-- main-panel-content rounded-window-bottom -->
        </div> <!-- panel -->
        <div panel-name="times-Grocery_Application" class="panel">
          <div class="main-panel-header rounded-window-top">
            <span class="header-content">Times for Grocery Application</span>
          </div> <!-- main-panel-header rounded-window-top -->
          <div class="main-panel-content rounded-window-bottom">
            <div class="times-div">
              <script type="text/javascript">
suiteTableInitFunctions.push('tableData_Grocery_Application');
function tableData_Grocery_Application() {
var data = new google.visualization.DataTable();
data.addColumn('number', 'Number');
data.addColumn('string', 'Method');
data.addColumn('string', 'Class');
data.addColumn('number', 'Time (ms)');
data.addRows(7);
data.setCell(0, 0, 0)
data.setCell(0, 1, 'VerifyTheUserIsAbleToAddAdminUsers')
data.setCell(0, 2, 'testScript.AdminUsersTest')
data.setCell(0, 3, 12389);
data.setCell(1, 0, 1)
data.setCell(1, 1, 'VerifyTheUserIsAbleToAddCategory')
data.setCell(1, 2, 'testScript.ManageCategoryTest')
data.setCell(1, 3, 11087);
data.setCell(2, 0, 2)
data.setCell(2, 1, 'verifyTheUserIsAbleToLoginUsingValidCredentials')
data.setCell(2, 2, 'testScript.LoginTest')
data.setCell(2, 3, 9218);
data.setCell(3, 0, 3)
data.setCell(3, 1, 'VerifyTheUserIsAbleToPublishNews')
data.setCell(3, 2, 'testScript.ManageNewsTest')
data.setCell(3, 3, 7504);
data.setCell(4, 0, 4)
data.setCell(4, 1, 'VerifyTheUserIsAbleToUpdateContactDetails')
data.setCell(4, 2, 'testScript.ManageContactTest')
data.setCell(4, 3, 7364);
data.setCell(5, 0, 5)
data.setCell(5, 1, 'VerifyTheUserIsAbleToUpdateFooterText')
data.setCell(5, 2, 'testScript.ManageFooterTextTest')
data.setCell(5, 3, 6630);
data.setCell(6, 0, 6)
data.setCell(6, 1, 'VerifyTheUserIsAbleToLogout')
data.setCell(6, 2, 'testScript.HomeTest')
data.setCell(6, 3, 3752);
window.suiteTableData['Grocery_Application']= { tableData: data, tableDiv: 'times-div-Grocery_Application'}
return data;
}
              </script>
              <span class="suite-total-time">Total running time: 57 seconds</span>
              <div id="times-div-Grocery_Application">
              </div> <!-- times-div-Grocery_Application -->
            </div> <!-- times-div -->
          </div> <!-- main-panel-content rounded-window-bottom -->
        </div> <!-- panel -->
        <div panel-name="reporter-Grocery_Application" class="panel">
          <div class="main-panel-header rounded-window-top">
            <span class="header-content">Reporter output for Grocery Application</span>
          </div> <!-- main-panel-header rounded-window-top -->
          <div class="main-panel-content rounded-window-bottom">
          </div> <!-- main-panel-content rounded-window-bottom -->
        </div> <!-- panel -->
        <div panel-name="ignored-methods-Grocery_Application" class="panel">
          <div class="main-panel-header rounded-window-top">
            <span class="header-content">3 ignored methods</span>
          </div> <!-- main-panel-header rounded-window-top -->
          <div class="main-panel-content rounded-window-bottom">
            <div class="ignored-class-div">
              <span class="ignored-class-name">testScript.LoginTest</span>
              <div class="ignored-methods-div">
                <span class="ignored-method-name">verifyTheUserIsUnableToLoginwithInValidUsernameandInvalidPassword</span>
                <br/>
                <span class="ignored-method-name">verifyTheUserIsUnableToLoginwithValidUsernameandInvalidPassword</span>
                <br/>
                <span class="ignored-method-name">verifyTheUserIsUnableToLoginwithInvalidUsernameandValidPassword</span>
                <br/>
              </div> <!-- ignored-methods-div -->
            </div> <!-- ignored-class-div -->
          </div> <!-- main-panel-content rounded-window-bottom -->
        </div> <!-- panel -->
        <div panel-name="chronological-Grocery_Application" class="panel">
          <div class="main-panel-header rounded-window-top">
            <span class="header-content">Methods in chronological order</span>
          </div> <!-- main-panel-header rounded-window-top -->
          <div class="main-panel-content rounded-window-bottom">
            <div class="chronological-class">
              <div class="chronological-class-name">testScript.LoginTest</div> <!-- chronological-class-name -->
              <div class="configuration-method before">
                <span class="method-name">initializeBrowser(Chrome)</span>
                <span class="method-start">0 ms</span>
              </div> <!-- configuration-method before -->
              <div class="test-method">
                <img src="failed.png">
                </img>
                <span class="method-name">verifyTheUserIsAbleToLoginUsingValidCredentials</span>
                <span class="method-start">8502 ms</span>
              </div> <!-- test-method -->
              <div class="configuration-method after">
                <span class="method-name">windowCloseAndQuit</span>
                <span class="method-start">17759 ms</span>
              </div> <!-- configuration-method after -->
            </div> <!-- chronological-class -->
            <div class="chronological-class">
              <div class="chronological-class-name">testScript.ManageNewsTest</div> <!-- chronological-class-name -->
              <div class="configuration-method before">
                <span class="method-name">initializeBrowser(Chrome)</span>
                <span class="method-start">18135 ms</span>
              </div> <!-- configuration-method before -->
              <div class="test-method">
                <span class="method-name">VerifyTheUserIsAbleToPublishNews</span>
                <span class="method-start">23516 ms</span>
              </div> <!-- test-method -->
              <div class="configuration-method after">
                <span class="method-name">windowCloseAndQuit</span>
                <span class="method-start">31028 ms</span>
              </div> <!-- configuration-method after -->
            </div> <!-- chronological-class -->
            <div class="chronological-class">
              <div class="chronological-class-name">testScript.AdminUsersTest</div> <!-- chronological-class-name -->
              <div class="configuration-method before">
                <span class="method-name">initializeBrowser(Chrome)</span>
                <span class="method-start">31521 ms</span>
              </div> <!-- configuration-method before -->
              <div class="test-method">
                <img src="failed.png">
                </img>
                <span class="method-name">VerifyTheUserIsAbleToAddAdminUsers</span>
                <span class="method-start">38560 ms</span>
              </div> <!-- test-method -->
              <div class="configuration-method after">
                <span class="method-name">windowCloseAndQuit</span>
                <span class="method-start">50969 ms</span>
              </div> <!-- configuration-method after -->
            </div> <!-- chronological-class -->
            <div class="chronological-class">
              <div class="chronological-class-name">testScript.ManageFooterTextTest</div> <!-- chronological-class-name -->
              <div class="configuration-method before">
                <span class="method-name">initializeBrowser(Chrome)</span>
                <span class="method-start">51402 ms</span>
              </div> <!-- configuration-method before -->
              <div class="test-method">
                <span class="method-name">VerifyTheUserIsAbleToUpdateFooterText</span>
                <span class="method-start">56385 ms</span>
              </div> <!-- test-method -->
              <div class="configuration-method after">
                <span class="method-name">windowCloseAndQuit</span>
                <span class="method-start">63021 ms</span>
              </div> <!-- configuration-method after -->
            </div> <!-- chronological-class -->
            <div class="chronological-class">
              <div class="chronological-class-name">testScript.ManageContactTest</div> <!-- chronological-class-name -->
              <div class="configuration-method before">
                <span class="method-name">initializeBrowser(Chrome)</span>
                <span class="method-start">63332 ms</span>
              </div> <!-- configuration-method before -->
              <div class="test-method">
                <span class="method-name">VerifyTheUserIsAbleToUpdateContactDetails</span>
                <span class="method-start">68315 ms</span>
              </div> <!-- test-method -->
              <div class="configuration-method after">
                <span class="method-name">windowCloseAndQuit</span>
                <span class="method-start">75679 ms</span>
              </div> <!-- configuration-method after -->
            </div> <!-- chronological-class -->
            <div class="chronological-class">
              <div class="chronological-class-name">testScript.ManageCategoryTest</div> <!-- chronological-class-name -->
              <div class="configuration-method before">
                <span class="method-name">initializeBrowser(Chrome)</span>
                <span class="method-start">76019 ms</span>
              </div> <!-- configuration-method before -->
              <div class="test-method">
                <img src="failed.png">
                </img>
                <span class="method-name">VerifyTheUserIsAbleToAddCategory</span>
                <span class="method-start">81339 ms</span>
              </div> <!-- test-method -->
              <div class="configuration-method after">
                <span class="method-name">windowCloseAndQuit</span>
                <span class="method-start">92435 ms</span>
              </div> <!-- configuration-method after -->
            </div> <!-- chronological-class -->
            <div class="chronological-class">
              <div class="chronological-class-name">testScript.HomeTest</div> <!-- chronological-class-name -->
              <div class="configuration-method before">
                <span class="method-name">initializeBrowser(Chrome)</span>
                <span class="method-start">92746 ms</span>
              </div> <!-- configuration-method before -->
              <div class="test-method">
                <span class="method-name">VerifyTheUserIsAbleToLogout</span>
                <span class="method-start">97698 ms</span>
              </div> <!-- test-method -->
              <div class="configuration-method after">
                <span class="method-name">windowCloseAndQuit</span>
                <span class="method-start">101455 ms</span>
              </div> <!-- configuration-method after -->
          </div> <!-- main-panel-content rounded-window-bottom -->
        </div> <!-- panel -->
      </div> <!-- main-panel-root -->
    </div> <!-- wrapper -->
  </body>
<script type="text/javascript" src="testng-reports2.js"></script>
</html>
