<?xml version="1.0" encoding="UTF-8"?>
<testng-results ignored="0" total="10" passed="8" failed="2" skipped="0">
  <reporter-output>
  </reporter-output>
  <suite started-at="2025-11-12T13:01:31 GST" name="SmartCart Supermarket" finished-at="2025-11-12T13:03:44 GST" duration-ms="132336">
    <groups>
      <group name="Regression Testing">
        <method signature="AdminUsersTest.VerifyTheUserIsAbleToAddAdminUsers()[pri:0, instance:testScript.AdminUsersTest@78452606]" name="VerifyTheUserIsAbleToAddAdminUsers" class="testScript.AdminUsersTest"/>
        <method signature="HomeTest.VerifyTheUserIsAbleToLogout()[pri:0, instance:testScript.HomeTest@7098b907]" name="VerifyTheUserIsAbleToLogout" class="testScript.HomeTest"/>
        <method signature="LoginTest.verifyTheUserIsAbleToLoginUsingValidCredentials()[pri:0, instance:testScript.LoginTest@51891008]" name="verifyTheUserIsAbleToLoginUsingValidCredentials" class="testScript.LoginTest"/>
        <method signature="ManageCategoryTest.VerifyTheUserIsAbleToAddCategory()[pri:0, instance:testScript.ManageCategoryTest@147e2ae7]" name="VerifyTheUserIsAbleToAddCategory" class="testScript.ManageCategoryTest"/>
        <method signature="ManageContactTest.VerifyTheUserIsAbleToUpdateContactDetails()[pri:0, instance:testScript.ManageContactTest@448c8166]" name="VerifyTheUserIsAbleToUpdateContactDetails" class="testScript.ManageContactTest"/>
        <method signature="ManageFooterTextTest.VerifyTheUserIsAbleToUpdateFooterText()[pri:0, instance:testScript.ManageFooterTextTest@4470fbd6]" name="VerifyTheUserIsAbleToUpdateFooterText" class="testScript.ManageFooterTextTest"/>
        <method signature="ManageNewsTest.VerifyTheUserIsAbleToPublishNews()[pri:0, instance:testScript.ManageNewsTest@15d49048]" name="VerifyTheUserIsAbleToPublishNews" class="testScript.ManageNewsTest"/>
      </group> <!-- Regression Testing -->
    </groups>
    <test started-at="2025-11-12T13:01:31 GST" name="SmartCart Supermarket Automation - Phase 1" finished-at="2025-11-12T13:03:44 GST" duration-ms="132336">
      <class name="testScript.ManageContactTest">
        <test-method is-config="true" signature="initializeBrowser(java.lang.String)[pri:0, instance:testScript.ManageContactTest@448c8166]" started-at="2025-11-12T13:02:48 GST" name="initializeBrowser" finished-at="2025-11-12T13:02:56 GST" duration-ms="8214" status="PASS">
          <params>
            <param index="0">
              <value>
                <![CDATA[Chrome]]>
              </value>
            </param>
          </params>
          <reporter-output>
          </reporter-output>
        </test-method> <!-- initializeBrowser -->
        <test-method signature="VerifyTheUserIsAbleToUpdateContactDetails()[pri:0, instance:testScript.ManageContactTest@448c8166]" started-at="2025-11-12T13:02:56 GST" name="VerifyTheUserIsAbleToUpdateContactDetails" description=" To update contact details" finished-at="2025-11-12T13:03:03 GST" duration-ms="6604" status="PASS">
          <reporter-output>
          </reporter-output>
        </test-method> <!-- VerifyTheUserIsAbleToUpdateContactDetails -->
        <test-method is-config="true" signature="windowCloseAndQuit()[pri:0, instance:testScript.ManageContactTest@448c8166]" started-at="2025-11-12T13:03:03 GST" name="windowCloseAndQuit" finished-at="2025-11-12T13:03:03 GST" duration-ms="428" status="PASS">
          <reporter-output>
          </reporter-output>
        </test-method> <!-- windowCloseAndQuit -->
      </class> <!-- testScript.ManageContactTest -->
      <class name="testScript.LoginTest">
        <test-method is-config="true" signature="initializeBrowser(java.lang.String)[pri:0, instance:testScript.LoginTest@51891008]" started-at="2025-11-12T13:01:31 GST" name="initializeBrowser" finished-at="2025-11-12T13:01:39 GST" duration-ms="8057" status="PASS">
          <params>
            <param index="0">
              <value>
                <![CDATA[Chrome]]>
              </value>
            </param>
          </params>
          <reporter-output>
          </reporter-output>
        </test-method> <!-- initializeBrowser -->
        <test-method signature="verifyTheUserIsAbleToLoginUsingValidCredentials()[pri:0, instance:testScript.LoginTest@51891008]" started-at="2025-11-12T13:01:39 GST" name="verifyTheUserIsAbleToLoginUsingValidCredentials" description="Login to Grocery application with valid username and password" finished-at="2025-11-12T13:01:43 GST" duration-ms="3360" status="PASS">
          <reporter-output>
          </reporter-output>
        </test-method> <!-- verifyTheUserIsAbleToLoginUsingValidCredentials -->
        <test-method is-config="true" signature="windowCloseAndQuit()[pri:0, instance:testScript.LoginTest@51891008]" started-at="2025-11-12T13:01:43 GST" name="windowCloseAndQuit" finished-at="2025-11-12T13:01:43 GST" duration-ms="455" status="PASS">
          <reporter-output>
          </reporter-output>
        </test-method> <!-- windowCloseAndQuit -->
        <test-method is-config="true" signature="initializeBrowser(java.lang.String)[pri:0, instance:testScript.LoginTest@51891008]" started-at="2025-11-12T13:01:43 GST" name="initializeBrowser" finished-at="2025-11-12T13:01:50 GST" duration-ms="7286" status="PASS">
          <params>
            <param index="0">
              <value>
                <![CDATA[Chrome]]>
              </value>
            </param>
          </params>
          <reporter-output>
          </reporter-output>
        </test-method> <!-- initializeBrowser -->
        <test-method signature="verifyTheUserIsUnableToLoginwithInValidUsernameandInvalidPassword()[pri:0, instance:testScript.LoginTest@51891008]" started-at="2025-11-12T13:01:50 GST" name="verifyTheUserIsUnableToLoginwithInValidUsernameandInvalidPassword" description="Login to Grocery application with invalid username and password" finished-at="2025-11-12T13:01:51 GST" duration-ms="713" status="PASS">
          <reporter-output>
          </reporter-output>
        </test-method> <!-- verifyTheUserIsUnableToLoginwithInValidUsernameandInvalidPassword -->
        <test-method is-config="true" signature="windowCloseAndQuit()[pri:0, instance:testScript.LoginTest@51891008]" started-at="2025-11-12T13:01:51 GST" name="windowCloseAndQuit" finished-at="2025-11-12T13:01:52 GST" duration-ms="366" status="PASS">
          <reporter-output>
          </reporter-output>
        </test-method> <!-- windowCloseAndQuit -->
        <test-method is-config="true" signature="initializeBrowser(java.lang.String)[pri:0, instance:testScript.LoginTest@51891008]" started-at="2025-11-12T13:01:52 GST" name="initializeBrowser" finished-at="2025-11-12T13:02:00 GST" duration-ms="8008" status="PASS">
          <params>
            <param index="0">
              <value>
                <![CDATA[Chrome]]>
              </value>
            </param>
          </params>
          <reporter-output>
          </reporter-output>
        </test-method> <!-- initializeBrowser -->
        <test-method signature="verifyTheUserIsUnableToLoginwithInvalidUsernameandValidPassword()[pri:0, instance:testScript.LoginTest@51891008]" started-at="2025-11-12T13:02:00 GST" name="verifyTheUserIsUnableToLoginwithInvalidUsernameandValidPassword" description="Login to Grocery application with invalid username and valid password" finished-at="2025-11-12T13:02:01 GST" duration-ms="1369" status="PASS">
          <reporter-output>
          </reporter-output>
        </test-method> <!-- verifyTheUserIsUnableToLoginwithInvalidUsernameandValidPassword -->
        <test-method is-config="true" signature="windowCloseAndQuit()[pri:0, instance:testScript.LoginTest@51891008]" started-at="2025-11-12T13:02:01 GST" name="windowCloseAndQuit" finished-at="2025-11-12T13:02:01 GST" duration-ms="348" status="PASS">
          <reporter-output>
          </reporter-output>
        </test-method> <!-- windowCloseAndQuit -->
        <test-method is-config="true" signature="initializeBrowser(java.lang.String)[pri:0, instance:testScript.LoginTest@51891008]" started-at="2025-11-12T13:02:01 GST" name="initializeBrowser" finished-at="2025-11-12T13:02:09 GST" duration-ms="7454" status="PASS">
          <params>
            <param index="0">
              <value>
                <![CDATA[Chrome]]>
              </value>
            </param>
          </params>
          <reporter-output>
          </reporter-output>
        </test-method> <!-- initializeBrowser -->
        <test-method signature="verifyTheUserIsUnableToLoginwithValidUsernameandInvalidPassword()[pri:0, instance:testScript.LoginTest@51891008]" started-at="2025-11-12T13:02:09 GST" name="verifyTheUserIsUnableToLoginwithValidUsernameandInvalidPassword" description="Login to Grocery application with valid username and invalid password" finished-at="2025-11-12T13:02:10 GST" duration-ms="1655" status="PASS">
          <reporter-output>
          </reporter-output>
        </test-method> <!-- verifyTheUserIsUnableToLoginwithValidUsernameandInvalidPassword -->
        <test-method is-config="true" signature="windowCloseAndQuit()[pri:0, instance:testScript.LoginTest@51891008]" started-at="2025-11-12T13:02:10 GST" name="windowCloseAndQuit" finished-at="2025-11-12T13:02:11 GST" duration-ms="390" status="PASS">
          <reporter-output>
          </reporter-output>
        </test-method> <!-- windowCloseAndQuit -->
      </class> <!-- testScript.LoginTest -->
      <class name="testScript.ManageCategoryTest">
        <test-method is-config="true" signature="initializeBrowser(java.lang.String)[pri:0, instance:testScript.ManageCategoryTest@147e2ae7]" started-at="2025-11-12T13:02:29 GST" name="initializeBrowser" finished-at="2025-11-12T13:02:38 GST" duration-ms="8507" status="PASS">
          <params>
            <param index="0">
              <value>
                <![CDATA[Chrome]]>
              </value>
            </param>
          </params>
          <reporter-output>
          </reporter-output>
        </test-method> <!-- initializeBrowser -->
        <test-method signature="VerifyTheUserIsAbleToAddCategory()[pri:0, instance:testScript.ManageCategoryTest@147e2ae7]" started-at="2025-11-12T13:02:38 GST" name="VerifyTheUserIsAbleToAddCategory" description="To add New category" finished-at="2025-11-12T13:02:48 GST" duration-ms="10071" status="FAIL">
          <exception class="org.openqa.selenium.NoSuchElementException">
            <message>
              <![CDATA[no such element: Unable to locate element: {"method":"xpath","selector":"//div[@class='alert alert-success alert-dismissible']//following::h5[text()=' Alert!']"}
  (Session info: chrome=142.0.7444.60)
For documentation on this error, please visit: https://www.selenium.dev/documentation/webdriver/troubleshooting/errors#no-such-element-exception
Build info: version: '4.31.0', revision: '1ef9f18787*'
System info: os.name: 'Windows 11', os.arch: 'amd64', os.version: '10.0', java.version: '21.0.8'
Driver info: org.openqa.selenium.chrome.ChromeDriver
Command: [0b78c7cd801b5f67d21b21c2d4ed3a2d, findElement {value=//div[@class='alert alert-success alert-dismissible']//following::h5[text()=' Alert!'], using=xpath}]
Capabilities {acceptInsecureCerts: false, browserName: chrome, browserVersion: 142.0.7444.60, chrome: {chromedriverVersion: 142.0.7444.162 (c076baf266c..., userDataDir: C:\Users\shelj\AppData\Loca...}, fedcm:accounts: true, goog:chromeOptions: {debuggerAddress: localhost:51075}, goog:processID: 13200, networkConnectionEnabled: false, pageLoadStrategy: normal, platformName: windows, proxy: Proxy(), se:cdp: ws://localhost:51075/devtoo..., se:cdpVersion: 142.0.7444.60, setWindowRect: true, strictFileInteractability: false, timeouts: {implicit: 0, pageLoad: 300000, script: 30000}, unhandledPromptBehavior: dismiss and notify, webauthn:extension:credBlob: true, webauthn:extension:largeBlob: true, webauthn:extension:minPinLength: true, webauthn:extension:prf: true, webauthn:virtualAuthenticators: true}
Session ID: 0b78c7cd801b5f67d21b21c2d4ed3a2d]]>
            </message>
            <full-stacktrace>
              <![CDATA[org.openqa.selenium.NoSuchElementException: no such element: Unable to locate element: {"method":"xpath","selector":"//div[@class='alert alert-success alert-dismissible']//following::h5[text()=' Alert!']"}
  (Session info: chrome=142.0.7444.60)
For documentation on this error, please visit: https://www.selenium.dev/documentation/webdriver/troubleshooting/errors#no-such-element-exception
Build info: version: '4.31.0', revision: '1ef9f18787*'
System info: os.name: 'Windows 11', os.arch: 'amd64', os.version: '10.0', java.version: '21.0.8'
Driver info: org.openqa.selenium.chrome.ChromeDriver
Command: [0b78c7cd801b5f67d21b21c2d4ed3a2d, findElement {value=//div[@class='alert alert-success alert-dismissible']//following::h5[text()=' Alert!'], using=xpath}]
Capabilities {acceptInsecureCerts: false, browserName: chrome, browserVersion: 142.0.7444.60, chrome: {chromedriverVersion: 142.0.7444.162 (c076baf266c..., userDataDir: C:\Users\shelj\AppData\Loca...}, fedcm:accounts: true, goog:chromeOptions: {debuggerAddress: localhost:51075}, goog:processID: 13200, networkConnectionEnabled: false, pageLoadStrategy: normal, platformName: windows, proxy: Proxy(), se:cdp: ws://localhost:51075/devtoo..., se:cdpVersion: 142.0.7444.60, setWindowRect: true, strictFileInteractability: false, timeouts: {implicit: 0, pageLoad: 300000, script: 30000}, unhandledPromptBehavior: dismiss and notify, webauthn:extension:credBlob: true, webauthn:extension:largeBlob: true, webauthn:extension:minPinLength: true, webauthn:extension:prf: true, webauthn:virtualAuthenticators: true}
Session ID: 0b78c7cd801b5f67d21b21c2d4ed3a2d
at java.base/jdk.internal.reflect.DirectConstructorHandleAccessor.newInstance(DirectConstructorHandleAccessor.java:62)
at java.base/java.lang.reflect.Constructor.newInstanceWithCaller(Constructor.java:502)
at java.base/java.lang.reflect.Constructor.newInstance(Constructor.java:486)
at org.openqa.selenium.remote.ErrorCodec.decode(ErrorCodec.java:167)
at org.openqa.selenium.remote.codec.w3c.W3CHttpResponseCodec.decode(W3CHttpResponseCodec.java:138)
at org.openqa.selenium.remote.codec.w3c.W3CHttpResponseCodec.decode(W3CHttpResponseCodec.java:50)
at org.openqa.selenium.remote.HttpCommandExecutor.execute(HttpCommandExecutor.java:215)
at org.openqa.selenium.remote.service.DriverCommandExecutor.invokeExecute(DriverCommandExecutor.java:216)
at org.openqa.selenium.remote.service.DriverCommandExecutor.execute(DriverCommandExecutor.java:174)
at org.openqa.selenium.remote.RemoteWebDriver.execute(RemoteWebDriver.java:545)
at org.openqa.selenium.remote.ElementLocation$ElementFinder$2.findElement(ElementLocation.java:165)
at org.openqa.selenium.remote.ElementLocation.findElement(ElementLocation.java:59)
at org.openqa.selenium.remote.RemoteWebDriver.findElement(RemoteWebDriver.java:368)
at org.openqa.selenium.remote.RemoteWebDriver.findElement(RemoteWebDriver.java:362)
at org.openqa.selenium.support.pagefactory.DefaultElementLocator.findElement(DefaultElementLocator.java:68)
at org.openqa.selenium.support.pagefactory.internal.LocatingElementHandler.invoke(LocatingElementHandler.java:38)
at jdk.proxy2/jdk.proxy2.$Proxy15.isDisplayed(Unknown Source)
at pages.ManageCategoryPage.isAlertDisplayed(ManageCategoryPage.java:108)
at testScript.ManageCategoryTest.VerifyTheUserIsAbleToAddCategory(ManageCategoryTest.java:57)
at java.base/jdk.internal.reflect.DirectMethodHandleAccessor.invoke(DirectMethodHandleAccessor.java:103)
at java.base/java.lang.reflect.Method.invoke(Method.java:580)
at org.testng.internal.invokers.MethodInvocationHelper.invokeMethod(MethodInvocationHelper.java:141)
at org.testng.internal.invokers.TestInvoker.invokeMethod(TestInvoker.java:686)
at org.testng.internal.invokers.TestInvoker.invokeTestMethod(TestInvoker.java:230)
at org.testng.internal.invokers.MethodRunner.runInSequence(MethodRunner.java:63)
at org.testng.internal.invokers.TestInvoker$MethodInvocationAgent.invoke(TestInvoker.java:992)
at org.testng.internal.invokers.TestInvoker.invokeTestMethods(TestInvoker.java:203)
at org.testng.internal.invokers.TestMethodWorker.invokeTestMethods(TestMethodWorker.java:154)
at org.testng.internal.invokers.TestMethodWorker.run(TestMethodWorker.java:134)
at java.base/java.util.ArrayList.forEach(ArrayList.java:1596)
at org.testng.TestRunner.privateRun(TestRunner.java:739)
at org.testng.TestRunner.run(TestRunner.java:614)
at org.testng.SuiteRunner.runTest(SuiteRunner.java:421)
at org.testng.SuiteRunner.runSequentially(SuiteRunner.java:413)
at org.testng.SuiteRunner.privateRun(SuiteRunner.java:373)
at org.testng.SuiteRunner.run(SuiteRunner.java:312)
at org.testng.SuiteRunnerWorker.runSuite(SuiteRunnerWorker.java:52)
at org.testng.SuiteRunnerWorker.run(SuiteRunnerWorker.java:95)
at org.testng.TestNG.runSuitesSequentially(TestNG.java:1274)
at org.testng.TestNG.runSuitesLocally(TestNG.java:1208)
at org.testng.TestNG.runSuites(TestNG.java:1112)
at org.testng.TestNG.run(TestNG.java:1079)
at org.testng.remote.AbstractRemoteTestNG.run(AbstractRemoteTestNG.java:115)
at org.testng.remote.RemoteTestNG.initAndRun(RemoteTestNG.java:293)
at org.testng.remote.RemoteTestNG.main(RemoteTestNG.java:91)
]]>
            </full-stacktrace>
          </exception> <!-- org.openqa.selenium.NoSuchElementException -->
          <reporter-output>
          </reporter-output>
        </test-method> <!-- VerifyTheUserIsAbleToAddCategory -->
        <test-method is-config="true" signature="windowCloseAndQuit()[pri:0, instance:testScript.ManageCategoryTest@147e2ae7]" started-at="2025-11-12T13:02:48 GST" name="windowCloseAndQuit" finished-at="2025-11-12T13:02:48 GST" duration-ms="432" status="PASS">
          <reporter-output>
          </reporter-output>
        </test-method> <!-- windowCloseAndQuit -->
      </class> <!-- testScript.ManageCategoryTest -->
      <class name="testScript.ManageNewsTest">
        <test-method is-config="true" signature="initializeBrowser(java.lang.String)[pri:0, instance:testScript.ManageNewsTest@15d49048]" started-at="2025-11-12T13:03:18 GST" name="initializeBrowser" finished-at="2025-11-12T13:03:26 GST" duration-ms="8681" status="PASS">
          <params>
            <param index="0">
              <value>
                <![CDATA[Chrome]]>
              </value>
            </param>
          </params>
          <reporter-output>
          </reporter-output>
        </test-method> <!-- initializeBrowser -->
        <test-method signature="VerifyTheUserIsAbleToPublishNews()[pri:0, instance:testScript.ManageNewsTest@15d49048]" started-at="2025-11-12T13:03:26 GST" name="VerifyTheUserIsAbleToPublishNews" description="To publish News" finished-at="2025-11-12T13:03:30 GST" duration-ms="3600" status="PASS">
          <reporter-output>
          </reporter-output>
        </test-method> <!-- VerifyTheUserIsAbleToPublishNews -->
        <test-method is-config="true" signature="windowCloseAndQuit()[pri:0, instance:testScript.ManageNewsTest@15d49048]" started-at="2025-11-12T13:03:30 GST" name="windowCloseAndQuit" finished-at="2025-11-12T13:03:30 GST" duration-ms="438" status="PASS">
          <reporter-output>
          </reporter-output>
        </test-method> <!-- windowCloseAndQuit -->
      </class> <!-- testScript.ManageNewsTest -->
      <class name="testScript.ManageFooterTextTest">
        <test-method is-config="true" signature="initializeBrowser(java.lang.String)[pri:0, instance:testScript.ManageFooterTextTest@4470fbd6]" started-at="2025-11-12T13:03:03 GST" name="initializeBrowser" finished-at="2025-11-12T13:03:11 GST" duration-ms="7883" status="PASS">
          <params>
            <param index="0">
              <value>
                <![CDATA[Chrome]]>
              </value>
            </param>
          </params>
          <reporter-output>
          </reporter-output>
        </test-method> <!-- initializeBrowser -->
        <test-method signature="VerifyTheUserIsAbleToUpdateFooterText()[pri:0, instance:testScript.ManageFooterTextTest@4470fbd6]" started-at="2025-11-12T13:03:11 GST" name="VerifyTheUserIsAbleToUpdateFooterText" description=" To update footer text" finished-at="2025-11-12T13:03:17 GST" duration-ms="5970" status="PASS">
          <reporter-output>
          </reporter-output>
        </test-method> <!-- VerifyTheUserIsAbleToUpdateFooterText -->
        <test-method is-config="true" signature="windowCloseAndQuit()[pri:0, instance:testScript.ManageFooterTextTest@4470fbd6]" started-at="2025-11-12T13:03:17 GST" name="windowCloseAndQuit" finished-at="2025-11-12T13:03:18 GST" duration-ms="460" status="PASS">
          <reporter-output>
          </reporter-output>
        </test-method> <!-- windowCloseAndQuit -->
      </class> <!-- testScript.ManageFooterTextTest -->
      <class name="testScript.HomeTest">
        <test-method is-config="true" signature="initializeBrowser(java.lang.String)[pri:0, instance:testScript.HomeTest@7098b907]" started-at="2025-11-12T13:03:30 GST" name="initializeBrowser" finished-at="2025-11-12T13:03:41 GST" duration-ms="10351" status="PASS">
          <params>
            <param index="0">
              <value>
                <![CDATA[Chrome]]>
              </value>
            </param>
          </params>
          <reporter-output>
          </reporter-output>
        </test-method> <!-- initializeBrowser -->
        <test-method signature="VerifyTheUserIsAbleToLogout()[pri:0, instance:testScript.HomeTest@7098b907]" started-at="2025-11-12T13:03:41 GST" name="VerifyTheUserIsAbleToLogout" description=" To logout from grocery application" finished-at="2025-11-12T13:03:43 GST" duration-ms="2499" status="PASS">
          <reporter-output>
          </reporter-output>
        </test-method> <!-- VerifyTheUserIsAbleToLogout -->
        <test-method is-config="true" signature="windowCloseAndQuit()[pri:0, instance:testScript.HomeTest@7098b907]" started-at="2025-11-12T13:03:43 GST" name="windowCloseAndQuit" finished-at="2025-11-12T13:03:44 GST" duration-ms="412" status="PASS">
          <reporter-output>
          </reporter-output>
        </test-method> <!-- windowCloseAndQuit -->
      </class> <!-- testScript.HomeTest -->
      <class name="testScript.AdminUsersTest">
        <test-method is-config="true" signature="initializeBrowser(java.lang.String)[pri:0, instance:testScript.AdminUsersTest@78452606]" started-at="2025-11-12T13:02:11 GST" name="initializeBrowser" finished-at="2025-11-12T13:02:19 GST" duration-ms="7876" status="PASS">
          <params>
            <param index="0">
              <value>
                <![CDATA[Chrome]]>
              </value>
            </param>
          </params>
          <reporter-output>
          </reporter-output>
        </test-method> <!-- initializeBrowser -->
        <test-method signature="VerifyTheUserIsAbleToAddAdminUsers()[pri:0, instance:testScript.AdminUsersTest@78452606]" started-at="2025-11-12T13:02:19 GST" name="VerifyTheUserIsAbleToAddAdminUsers" description="To add admin users with user type" finished-at="2025-11-12T13:02:29 GST" duration-ms="9876" status="FAIL">
          <exception class="org.openqa.selenium.NoSuchElementException">
            <message>
              <![CDATA[no such element: Unable to locate element: {"method":"xpath","selector":"//div[@class='alert alert-success alert-dismissible']"}
  (Session info: chrome=142.0.7444.60)
For documentation on this error, please visit: https://www.selenium.dev/documentation/webdriver/troubleshooting/errors#no-such-element-exception
Build info: version: '4.31.0', revision: '1ef9f18787*'
System info: os.name: 'Windows 11', os.arch: 'amd64', os.version: '10.0', java.version: '21.0.8'
Driver info: org.openqa.selenium.chrome.ChromeDriver
Command: [a0777b5eae37264d51badc71e8bc5edd, findElement {value=//div[@class='alert alert-success alert-dismissible'], using=xpath}]
Capabilities {acceptInsecureCerts: false, browserName: chrome, browserVersion: 142.0.7444.60, chrome: {chromedriverVersion: 142.0.7444.162 (c076baf266c..., userDataDir: C:\Users\shelj\AppData\Loca...}, fedcm:accounts: true, goog:chromeOptions: {debuggerAddress: localhost:61257}, goog:processID: 4780, networkConnectionEnabled: false, pageLoadStrategy: normal, platformName: windows, proxy: Proxy(), se:cdp: ws://localhost:61257/devtoo..., se:cdpVersion: 142.0.7444.60, setWindowRect: true, strictFileInteractability: false, timeouts: {implicit: 0, pageLoad: 300000, script: 30000}, unhandledPromptBehavior: dismiss and notify, webauthn:extension:credBlob: true, webauthn:extension:largeBlob: true, webauthn:extension:minPinLength: true, webauthn:extension:prf: true, webauthn:virtualAuthenticators: true}
Session ID: a0777b5eae37264d51badc71e8bc5edd]]>
            </message>
            <full-stacktrace>
              <![CDATA[org.openqa.selenium.NoSuchElementException: no such element: Unable to locate element: {"method":"xpath","selector":"//div[@class='alert alert-success alert-dismissible']"}
  (Session info: chrome=142.0.7444.60)
For documentation on this error, please visit: https://www.selenium.dev/documentation/webdriver/troubleshooting/errors#no-such-element-exception
Build info: version: '4.31.0', revision: '1ef9f18787*'
System info: os.name: 'Windows 11', os.arch: 'amd64', os.version: '10.0', java.version: '21.0.8'
Driver info: org.openqa.selenium.chrome.ChromeDriver
Command: [a0777b5eae37264d51badc71e8bc5edd, findElement {value=//div[@class='alert alert-success alert-dismissible'], using=xpath}]
Capabilities {acceptInsecureCerts: false, browserName: chrome, browserVersion: 142.0.7444.60, chrome: {chromedriverVersion: 142.0.7444.162 (c076baf266c..., userDataDir: C:\Users\shelj\AppData\Loca...}, fedcm:accounts: true, goog:chromeOptions: {debuggerAddress: localhost:61257}, goog:processID: 4780, networkConnectionEnabled: false, pageLoadStrategy: normal, platformName: windows, proxy: Proxy(), se:cdp: ws://localhost:61257/devtoo..., se:cdpVersion: 142.0.7444.60, setWindowRect: true, strictFileInteractability: false, timeouts: {implicit: 0, pageLoad: 300000, script: 30000}, unhandledPromptBehavior: dismiss and notify, webauthn:extension:credBlob: true, webauthn:extension:largeBlob: true, webauthn:extension:minPinLength: true, webauthn:extension:prf: true, webauthn:virtualAuthenticators: true}
Session ID: a0777b5eae37264d51badc71e8bc5edd
at java.base/jdk.internal.reflect.DirectConstructorHandleAccessor.newInstance(DirectConstructorHandleAccessor.java:62)
at java.base/java.lang.reflect.Constructor.newInstanceWithCaller(Constructor.java:502)
at java.base/java.lang.reflect.Constructor.newInstance(Constructor.java:486)
at org.openqa.selenium.remote.ErrorCodec.decode(ErrorCodec.java:167)
at org.openqa.selenium.remote.codec.w3c.W3CHttpResponseCodec.decode(W3CHttpResponseCodec.java:138)
at org.openqa.selenium.remote.codec.w3c.W3CHttpResponseCodec.decode(W3CHttpResponseCodec.java:50)
at org.openqa.selenium.remote.HttpCommandExecutor.execute(HttpCommandExecutor.java:215)
at org.openqa.selenium.remote.service.DriverCommandExecutor.invokeExecute(DriverCommandExecutor.java:216)
at org.openqa.selenium.remote.service.DriverCommandExecutor.execute(DriverCommandExecutor.java:174)
at org.openqa.selenium.remote.RemoteWebDriver.execute(RemoteWebDriver.java:545)
at org.openqa.selenium.remote.ElementLocation$ElementFinder$2.findElement(ElementLocation.java:165)
at org.openqa.selenium.remote.ElementLocation.findElement(ElementLocation.java:59)
at org.openqa.selenium.remote.RemoteWebDriver.findElement(RemoteWebDriver.java:368)
at org.openqa.selenium.remote.RemoteWebDriver.findElement(RemoteWebDriver.java:362)
at org.openqa.selenium.support.pagefactory.DefaultElementLocator.findElement(DefaultElementLocator.java:68)
at org.openqa.selenium.support.pagefactory.internal.LocatingElementHandler.invoke(LocatingElementHandler.java:38)
at jdk.proxy2/jdk.proxy2.$Proxy15.isDisplayed(Unknown Source)
at pages.AdminUsersPage.isAlertDisplayed(AdminUsersPage.java:80)
at testScript.AdminUsersTest.VerifyTheUserIsAbleToAddAdminUsers(AdminUsersTest.java:56)
at java.base/jdk.internal.reflect.DirectMethodHandleAccessor.invoke(DirectMethodHandleAccessor.java:103)
at java.base/java.lang.reflect.Method.invoke(Method.java:580)
at org.testng.internal.invokers.MethodInvocationHelper.invokeMethod(MethodInvocationHelper.java:141)
at org.testng.internal.invokers.TestInvoker.invokeMethod(TestInvoker.java:686)
at org.testng.internal.invokers.TestInvoker.invokeTestMethod(TestInvoker.java:230)
at org.testng.internal.invokers.MethodRunner.runInSequence(MethodRunner.java:63)
at org.testng.internal.invokers.TestInvoker$MethodInvocationAgent.invoke(TestInvoker.java:992)
at org.testng.internal.invokers.TestInvoker.invokeTestMethods(TestInvoker.java:203)
at org.testng.internal.invokers.TestMethodWorker.invokeTestMethods(TestMethodWorker.java:154)
at org.testng.internal.invokers.TestMethodWorker.run(TestMethodWorker.java:134)
at java.base/java.util.ArrayList.forEach(ArrayList.java:1596)
at org.testng.TestRunner.privateRun(TestRunner.java:739)
at org.testng.TestRunner.run(TestRunner.java:614)
at org.testng.SuiteRunner.runTest(SuiteRunner.java:421)
at org.testng.SuiteRunner.runSequentially(SuiteRunner.java:413)
at org.testng.SuiteRunner.privateRun(SuiteRunner.java:373)
at org.testng.SuiteRunner.run(SuiteRunner.java:312)
at org.testng.SuiteRunnerWorker.runSuite(SuiteRunnerWorker.java:52)
at org.testng.SuiteRunnerWorker.run(SuiteRunnerWorker.java:95)
at org.testng.TestNG.runSuitesSequentially(TestNG.java:1274)
at org.testng.TestNG.runSuitesLocally(TestNG.java:1208)
at org.testng.TestNG.runSuites(TestNG.java:1112)
at org.testng.TestNG.run(TestNG.java:1079)
at org.testng.remote.AbstractRemoteTestNG.run(AbstractRemoteTestNG.java:115)
at org.testng.remote.RemoteTestNG.initAndRun(RemoteTestNG.java:293)
at org.testng.remote.RemoteTestNG.main(RemoteTestNG.java:91)
]]>
            </full-stacktrace>
          </exception> <!-- org.openqa.selenium.NoSuchElementException -->
          <reporter-output>
          </reporter-output>
        </test-method> <!-- VerifyTheUserIsAbleToAddAdminUsers -->
        <test-method is-config="true" signature="windowCloseAndQuit()[pri:0, instance:testScript.AdminUsersTest@78452606]" started-at="2025-11-12T13:02:29 GST" name="windowCloseAndQuit" finished-at="2025-11-12T13:02:29 GST" duration-ms="401" status="PASS">
          <reporter-output>
          </reporter-output>
        </test-method> <!-- windowCloseAndQuit -->
      </class> <!-- testScript.AdminUsersTest -->
    </test> <!-- SmartCart Supermarket Automation - Phase 1 -->
  </suite> <!-- SmartCart Supermarket -->
</testng-results>
