<?xml version="1.0" encoding="UTF-8"?>
<!-- Generated by org.testng.reporters.JUnitXMLReporter -->
<testsuite ignored="0" hostname="DESKTOP-VEGGGMP" failures="0" tests="6" name="Manage News" time="56.778" errors="0" timestamp="2025-11-10T18:42:47 GST">
  <testcase classname="testScript.LoginTest" name="verifyTheUserIsAbleToLoginUsingValidCredentials" time="4.517"/>
  <testcase classname="testScript.LoginTest" name="verifyTheUserIsUnableToLoginwithInvalidUsernameandValidPassword" time="0.794"/>
  <testcase classname="testScript.LoginTest" name="verifyTheUserIsUnableToLoginwithValidUsernameandInvalidPassword" time="0.721"/>
  <testcase classname="testScript.LoginTest" name="verifyTheUserIsUnableToLoginwithInValidUsernameandInvalidPassword" time="2.158"/>
  <testcase classname="testScript.ManageNewsTest" name="VerifyTheUserIsAbleToPublishNews" time="5.453"/>
  <testcase classname="testScript.AdminUsersTest" name="VerifyTheUserIsAbleToAddAdminUsers" time="9.529"/>
</testsuite> <!-- Manage News -->
