<?xml version="1.0" encoding="UTF-8"?>
<testng-results ignored="0" total="6" passed="6" failed="0" skipped="0">
  <reporter-output>
  </reporter-output>
  <suite started-at="2025-11-10T18:41:49 GST" name="Grocery Application" finished-at="2025-11-10T18:42:46 GST" duration-ms="56778">
    <groups>
      <group name="Regression Testing">
        <method signature="AdminUsersTest.VerifyTheUserIsAbleToAddAdminUsers()[pri:0, instance:testScript.AdminUsersTest@2cb4893b]" name="VerifyTheUserIsAbleToAddAdminUsers" class="testScript.AdminUsersTest"/>
        <method signature="LoginTest.verifyTheUserIsAbleToLoginUsingValidCredentials()[pri:0, instance:testScript.LoginTest@2034b64c]" name="verifyTheUserIsAbleToLoginUsingValidCredentials" class="testScript.LoginTest"/>
        <method signature="ManageNewsTest.VerifyTheUserIsAbleToPublishNews()[pri:0, instance:testScript.ManageNewsTest@5e2c3d18]" name="VerifyTheUserIsAbleToPublishNews" class="testScript.ManageNewsTest"/>
      </group> <!-- Regression Testing -->
    </groups>
    <test started-at="2025-11-10T18:41:49 GST" name="Manage News" finished-at="2025-11-10T18:42:46 GST" duration-ms="56778">
      <class name="testScript.LoginTest">
        <test-method is-config="true" signature="initializeBrowser(java.lang.String)[pri:0, instance:testScript.LoginTest@2034b64c]" started-at="2025-11-10T18:41:49 GST" name="initializeBrowser" finished-at="2025-11-10T18:41:55 GST" duration-ms="5981" status="PASS">
          <params>
            <param index="0">
              <value>
                <![CDATA[Chrome]]>
              </value>
            </param>
          </params>
          <reporter-output>
          </reporter-output>
        </test-method> <!-- initializeBrowser -->
        <test-method signature="verifyTheUserIsAbleToLoginUsingValidCredentials()[pri:0, instance:testScript.LoginTest@2034b64c]" started-at="2025-11-10T18:41:55 GST" name="verifyTheUserIsAbleToLoginUsingValidCredentials" description="Login to Grocery application with valid username and password" finished-at="2025-11-10T18:42:00 GST" duration-ms="4517" status="PASS">
          <reporter-output>
          </reporter-output>
        </test-method> <!-- verifyTheUserIsAbleToLoginUsingValidCredentials -->
        <test-method is-config="true" signature="windowCloseAndQuit()[pri:0, instance:testScript.LoginTest@2034b64c]" started-at="2025-11-10T18:42:00 GST" name="windowCloseAndQuit" finished-at="2025-11-10T18:42:00 GST" duration-ms="305" status="PASS">
          <reporter-output>
          </reporter-output>
        </test-method> <!-- windowCloseAndQuit -->
        <test-method is-config="true" signature="initializeBrowser(java.lang.String)[pri:0, instance:testScript.LoginTest@2034b64c]" started-at="2025-11-10T18:42:00 GST" name="initializeBrowser" finished-at="2025-11-10T18:42:05 GST" duration-ms="4611" status="PASS">
          <params>
            <param index="0">
              <value>
                <![CDATA[Chrome]]>
              </value>
            </param>
          </params>
          <reporter-output>
          </reporter-output>
        </test-method> <!-- initializeBrowser -->
        <test-method signature="verifyTheUserIsUnableToLoginwithInvalidUsernameandValidPassword()[pri:0, instance:testScript.LoginTest@2034b64c]" started-at="2025-11-10T18:42:05 GST" name="verifyTheUserIsUnableToLoginwithInvalidUsernameandValidPassword" description="Login to Grocery application with invalid username and valid password" finished-at="2025-11-10T18:42:06 GST" duration-ms="794" status="PASS">
          <reporter-output>
          </reporter-output>
        </test-method> <!-- verifyTheUserIsUnableToLoginwithInvalidUsernameandValidPassword -->
        <test-method is-config="true" signature="windowCloseAndQuit()[pri:0, instance:testScript.LoginTest@2034b64c]" started-at="2025-11-10T18:42:06 GST" name="windowCloseAndQuit" finished-at="2025-11-10T18:42:06 GST" duration-ms="331" status="PASS">
          <reporter-output>
          </reporter-output>
        </test-method> <!-- windowCloseAndQuit -->
        <test-method is-config="true" signature="initializeBrowser(java.lang.String)[pri:0, instance:testScript.LoginTest@2034b64c]" started-at="2025-11-10T18:42:06 GST" name="initializeBrowser" finished-at="2025-11-10T18:42:10 GST" duration-ms="4486" status="PASS">
          <params>
            <param index="0">
              <value>
                <![CDATA[Chrome]]>
              </value>
            </param>
          </params>
          <reporter-output>
          </reporter-output>
        </test-method> <!-- initializeBrowser -->
        <test-method signature="verifyTheUserIsUnableToLoginwithValidUsernameandInvalidPassword()[pri:0, instance:testScript.LoginTest@2034b64c]" started-at="2025-11-10T18:42:10 GST" name="verifyTheUserIsUnableToLoginwithValidUsernameandInvalidPassword" description="Login to Grocery application with valid username and invalid password" finished-at="2025-11-10T18:42:11 GST" duration-ms="721" status="PASS">
          <reporter-output>
          </reporter-output>
        </test-method> <!-- verifyTheUserIsUnableToLoginwithValidUsernameandInvalidPassword -->
        <test-method is-config="true" signature="windowCloseAndQuit()[pri:0, instance:testScript.LoginTest@2034b64c]" started-at="2025-11-10T18:42:11 GST" name="windowCloseAndQuit" finished-at="2025-11-10T18:42:11 GST" duration-ms="362" status="PASS">
          <reporter-output>
          </reporter-output>
        </test-method> <!-- windowCloseAndQuit -->
        <test-method is-config="true" signature="initializeBrowser(java.lang.String)[pri:0, instance:testScript.LoginTest@2034b64c]" started-at="2025-11-10T18:42:11 GST" name="initializeBrowser" finished-at="2025-11-10T18:42:18 GST" duration-ms="6035" status="PASS">
          <params>
            <param index="0">
              <value>
                <![CDATA[Chrome]]>
              </value>
            </param>
          </params>
          <reporter-output>
          </reporter-output>
        </test-method> <!-- initializeBrowser -->
        <test-method signature="verifyTheUserIsUnableToLoginwithInValidUsernameandInvalidPassword()[pri:0, instance:testScript.LoginTest@2034b64c]" started-at="2025-11-10T18:42:18 GST" name="verifyTheUserIsUnableToLoginwithInValidUsernameandInvalidPassword" description="Login to Grocery application with invalid username and password" finished-at="2025-11-10T18:42:20 GST" duration-ms="2158" status="PASS">
          <reporter-output>
          </reporter-output>
        </test-method> <!-- verifyTheUserIsUnableToLoginwithInValidUsernameandInvalidPassword -->
        <test-method is-config="true" signature="windowCloseAndQuit()[pri:0, instance:testScript.LoginTest@2034b64c]" started-at="2025-11-10T18:42:20 GST" name="windowCloseAndQuit" finished-at="2025-11-10T18:42:20 GST" duration-ms="405" status="PASS">
          <reporter-output>
          </reporter-output>
        </test-method> <!-- windowCloseAndQuit -->
      </class> <!-- testScript.LoginTest -->
      <class name="testScript.ManageNewsTest">
        <test-method is-config="true" signature="initializeBrowser(java.lang.String)[pri:0, instance:testScript.ManageNewsTest@5e2c3d18]" started-at="2025-11-10T18:42:20 GST" name="initializeBrowser" finished-at="2025-11-10T18:42:25 GST" duration-ms="4783" status="PASS">
          <params>
            <param index="0">
              <value>
                <![CDATA[Chrome]]>
              </value>
            </param>
          </params>
          <reporter-output>
          </reporter-output>
        </test-method> <!-- initializeBrowser -->
        <test-method signature="VerifyTheUserIsAbleToPublishNews()[pri:0, instance:testScript.ManageNewsTest@5e2c3d18]" started-at="2025-11-10T18:42:25 GST" name="VerifyTheUserIsAbleToPublishNews" description="To publish News" finished-at="2025-11-10T18:42:30 GST" duration-ms="5453" status="PASS">
          <reporter-output>
          </reporter-output>
        </test-method> <!-- VerifyTheUserIsAbleToPublishNews -->
        <test-method is-config="true" signature="windowCloseAndQuit()[pri:0, instance:testScript.ManageNewsTest@5e2c3d18]" started-at="2025-11-10T18:42:30 GST" name="windowCloseAndQuit" finished-at="2025-11-10T18:42:31 GST" duration-ms="610" status="PASS">
          <reporter-output>
          </reporter-output>
        </test-method> <!-- windowCloseAndQuit -->
      </class> <!-- testScript.ManageNewsTest -->
      <class name="testScript.AdminUsersTest">
        <test-method is-config="true" signature="initializeBrowser(java.lang.String)[pri:0, instance:testScript.AdminUsersTest@2cb4893b]" started-at="2025-11-10T18:42:31 GST" name="initializeBrowser" finished-at="2025-11-10T18:42:36 GST" duration-ms="5224" status="PASS">
          <params>
            <param index="0">
              <value>
                <![CDATA[Chrome]]>
              </value>
            </param>
          </params>
          <reporter-output>
          </reporter-output>
        </test-method> <!-- initializeBrowser -->
        <test-method signature="VerifyTheUserIsAbleToAddAdminUsers()[pri:0, instance:testScript.AdminUsersTest@2cb4893b]" started-at="2025-11-10T18:42:36 GST" name="VerifyTheUserIsAbleToAddAdminUsers" description="To add admin users with user type" finished-at="2025-11-10T18:42:46 GST" duration-ms="9529" status="PASS">
          <reporter-output>
          </reporter-output>
        </test-method> <!-- VerifyTheUserIsAbleToAddAdminUsers -->
        <test-method is-config="true" signature="windowCloseAndQuit()[pri:0, instance:testScript.AdminUsersTest@2cb4893b]" started-at="2025-11-10T18:42:46 GST" name="windowCloseAndQuit" finished-at="2025-11-10T18:42:46 GST" duration-ms="363" status="PASS">
          <reporter-output>
          </reporter-output>
        </test-method> <!-- windowCloseAndQuit -->
      </class> <!-- testScript.AdminUsersTest -->
    </test> <!-- Manage News -->
  </suite> <!-- Grocery Application -->
</testng-results>
