<?xml version="1.0" encoding="UTF-8"?>
<!-- Generated by org.testng.reporters.JUnitReportReporter -->
<testsuite hostname="DESKTOP-VEGGGMP" failures="0" tests="4" name="testScript.LoginTest" time="38.025" errors="0" timestamp="2025-11-12T00:37:52 GST" skipped="0">
  <testcase classname="testScript.LoginTest" name="verifyTheUserIsUnableToLoginwithInValidUsernameandInvalidPassword" time="9.402"/>
  <testcase classname="testScript.LoginTest" name="verifyTheUserIsUnableToLoginwithValidUsernameandInvalidPassword" time="8.438"/>
  <testcase classname="testScript.LoginTest" name="verifyTheUserIsUnableToLoginwithInvalidUsernameandValidPassword" time="9.360"/>
  <testcase classname="testScript.LoginTest" name="verifyTheUserIsAbleToLoginUsingValidCredentials" time="10.825"/>
</testsuite> <!-- testScript.LoginTest -->
