<?xml version="1.0" encoding="UTF-8"?>
<!-- Generated by org.testng.reporters.JUnitReportReporter -->
<testsuite hostname="DESKTOP-VEGGGMP" failures="0" tests="4" name="testScript.LoginTest1" time="50.243" errors="0" timestamp="2025-11-12T00:15:21 GST" skipped="0">
  <testcase classname="testScript.LoginTest1" name="verifyTheUserIsUnableToLoginwithInValidUsernameandInvalidPassword" time="13.966"/>
  <testcase classname="testScript.LoginTest1" name="verifyTheUserIsUnableToLoginwithValidUsernameandInvalidPassword" time="12.245"/>
  <testcase classname="testScript.LoginTest1" name="verifyTheUserIsUnableToLoginwithInvalidUsernameandValidPassword" time="11.398"/>
  <testcase classname="testScript.LoginTest1" name="verifyTheUserIsAbleToLoginUsingValidCredentials" time="12.634"/>
</testsuite> <!-- testScript.LoginTest1 -->
