<?xml version="1.0" encoding="UTF-8"?>
<!-- Generated by org.testng.reporters.JUnitReportReporter -->
<testsuite hostname="DESKTOP-VEGGGMP" failures="0" tests="2" name="testScript.ManageFooterTextTest" time="20.427" errors="0" timestamp="2025-11-07T18:40:58 GST" skipped="0">
  <testcase classname="testScript.ManageFooterTextTest" name="VerifyTheUserIsAbleToUpdateFooterText" time="9.584"/>
  <testcase classname="testScript.ManageFooterTextTest" name="VerifyTheUserIsAbleToUpdateFooterText" time="10.843"/>
</testsuite> <!-- testScript.ManageFooterTextTest -->
