<?xml version="1.0" encoding="UTF-8"?>
<!-- Generated by org.testng.reporters.JUnitReportReporter -->
<testsuite hostname="DESKTOP-VEGGGMP" failures="0" tests="2" name="testScript.LogoutTest" time="16.835" errors="0" timestamp="2025-11-07T18:40:58 GST" skipped="0">
  <testcase classname="testScript.LogoutTest" name="VerifyTheUserIsAbleToLogout" time="7.491"/>
  <testcase classname="testScript.LogoutTest" name="VerifyTheUserIsAbleToLogout" time="9.344"/>
</testsuite> <!-- testScript.LogoutTest -->
