<?xml version="1.0" encoding="UTF-8"?>
<!-- Generated by org.testng.reporters.JUnitReportReporter -->
<testsuite hostname="DESKTOP-VEGGGMP" failures="0" tests="2" name="testScript.ManageContactTest" time="24.311" errors="0" timestamp="2025-11-07T18:40:58 GST" skipped="0">
  <testcase classname="testScript.ManageContactTest" name="VerifyTheUserIsAbleToUpdateContactDetails" time="10.258"/>
  <testcase classname="testScript.ManageContactTest" name="VerifyTheUserIsAbleToUpdateContactDetails" time="14.053"/>
</testsuite> <!-- testScript.ManageContactTest -->
