<?xml version="1.0" encoding="UTF-8"?>
<!-- Generated by org.testng.reporters.JUnitXMLReporter -->
<testsuite ignored="3" hostname="DESKTOP-VEGGGMP" failures="0" tests="7" name="EdgeTest" time="6.042" errors="0" timestamp="2025-11-07T07:28:08 GST">
  <testcase classname="testScript.LoginTest" name="verifyTheUserIsAbleToLoginUsingValidCredentials" time="0.0">
    <skipped/>
  </testcase> <!-- verifyTheUserIsAbleToLoginUsingValidCredentials -->
  <testcase classname="testScript.ManageNewsTest" name="VerifyTheUserIsAbleToPublishNews" time="0.0">
    <skipped/>
  </testcase> <!-- VerifyTheUserIsAbleToPublishNews -->
  <testcase classname="testScript.AdminUsersTest" name="VerifyTheUserIsAbleToAddAdminUsers" time="0.0">
    <skipped/>
  </testcase> <!-- VerifyTheUserIsAbleToAddAdminUsers -->
  <testcase classname="testScript.ManageFooterTextTest" name="VerifyTheUserIsAbleToUpdateFooterText" time="0.0">
    <skipped/>
  </testcase> <!-- VerifyTheUserIsAbleToUpdateFooterText -->
  <testcase classname="testScript.ManageContactTest" name="VerifyTheUserIsAbleToUpdateContactDetails" time="0.001">
    <skipped/>
  </testcase> <!-- VerifyTheUserIsAbleToUpdateContactDetails -->
  <testcase classname="testScript.ManageCategoryTest" name="VerifyTheUserIsAbleToAddCategory" time="0.0">
    <skipped/>
  </testcase> <!-- VerifyTheUserIsAbleToAddCategory -->
  <testcase classname="testScript.LogoutTest" name="VerifyTheUserIsAbleToLogout" time="0.002">
    <skipped/>
  </testcase> <!-- VerifyTheUserIsAbleToLogout -->
  <testcase classname="testScript.LoginTest" name="verifyTheUserIsUnableToLoginwithInValidUsernameandInvalidPassword" time="0.0">
    <ignored/>
  </testcase> <!-- verifyTheUserIsUnableToLoginwithInValidUsernameandInvalidPassword -->
  <testcase classname="testScript.LoginTest" name="verifyTheUserIsUnableToLoginwithInvalidUsernameandValidPassword" time="0.0">
    <ignored/>
  </testcase> <!-- verifyTheUserIsUnableToLoginwithInvalidUsernameandValidPassword -->
  <testcase classname="testScript.LoginTest" name="verifyTheUserIsUnableToLoginwithValidUsernameandInvalidPassword" time="0.0">
    <ignored/>
  </testcase> <!-- verifyTheUserIsUnableToLoginwithValidUsernameandInvalidPassword -->
</testsuite> <!-- EdgeTest -->
